0 info it worked if it ends with ok
1 verbose cli [ '/home/blockcoplus/.nvm/versions/node/v4.2.6/bin/node',
1 verbose cli   '/home/blockcoplus/.nvm/versions/node/v4.2.6/bin/npm',
1 verbose cli   'start' ]
2 info using npm@2.14.12
3 info using node@v4.2.6
4 verbose run-script [ 'prestart', 'start', 'poststart' ]
5 info prestart web3.js@1.0.0
6 info start web3.js@1.0.0
7 verbose unsafe-perm in lifecycle true
8 info web3.js@1.0.0 Failed to exec start script
9 verbose stack Error: web3.js@1.0.0 start: `nodemon app.js`
9 verbose stack Exit status 1
9 verbose stack     at EventEmitter.<anonymous> (/home/blockcoplus/.nvm/versions/node/v4.2.6/lib/node_modules/npm/lib/utils/lifecycle.js:214:16)
9 verbose stack     at emitTwo (events.js:87:13)
9 verbose stack     at EventEmitter.emit (events.js:172:7)
9 verbose stack     at ChildProcess.<anonymous> (/home/blockcoplus/.nvm/versions/node/v4.2.6/lib/node_modules/npm/lib/utils/spawn.js:24:14)
9 verbose stack     at emitTwo (events.js:87:13)
9 verbose stack     at ChildProcess.emit (events.js:172:7)
9 verbose stack     at maybeClose (internal/child_process.js:821:16)
9 verbose stack     at Process.ChildProcess._handle.onexit (internal/child_process.js:211:5)
10 verbose pkgid web3.js@1.0.0
11 verbose cwd /home/blockcoplus/Documents/web3.js
12 error Linux 4.15.0-142-generic
13 error argv "/home/blockcoplus/.nvm/versions/node/v4.2.6/bin/node" "/home/blockcoplus/.nvm/versions/node/v4.2.6/bin/npm" "start"
14 error node v4.2.6
15 error npm  v2.14.12
16 error code ELIFECYCLE
17 error web3.js@1.0.0 start: `nodemon app.js`
17 error Exit status 1
18 error Failed at the web3.js@1.0.0 start script 'nodemon app.js'.
18 error This is most likely a problem with the web3.js package,
18 error not with npm itself.
18 error Tell the author that this fails on your system:
18 error     nodemon app.js
18 error You can get their info via:
18 error     npm owner ls web3.js
18 error There is likely additional logging output above.
19 verbose exit [ 1, true ]
